<?xml version="1.0" encoding="UTF-8"?>
<!-- Generated by org.testng.reporters.JUnitXMLReporter -->
<testsuite hostname="DESKTOP-T57PU49" name="Default test" tests="4" failures="0" timestamp="31 Oct 2017 01:43:18 GMT" time="21.379" errors="0">
  <testcase name="testBMICalculator" time="0.559" classname="www.ozzie.selenium.TestNGDDT"/>
  <testcase name="testBMICalculator" time="0.184" classname="www.ozzie.selenium.TestNGDDT"/>
  <testcase name="testBMICalculator" time="0.19" classname="www.ozzie.selenium.TestNGDDT"/>
  <testcase name="testBMICalculator" time="0.2" classname="www.ozzie.selenium.TestNGDDT"/>
</testsuite> <!-- Default test -->
