<?xml version="1.0" encoding="UTF-8"?>
<testng-results skipped="0" failed="0" total="4" passed="4">
  <reporter-output>
  </reporter-output>
  <suite name="Default suite" duration-ms="21379" started-at="2017-10-31T01:42:56Z" finished-at="2017-10-31T01:43:18Z">
    <groups>
    </groups>
    <test name="Default test" duration-ms="21379" started-at="2017-10-31T01:42:56Z" finished-at="2017-10-31T01:43:18Z">
      <class name="www.ozzie.selenium.TestNGDDT">
        <test-method status="PASS" signature="setUp()[pri:0, instance:www.ozzie.selenium.TestNGDDT@dfd3711]" name="setUp" is-config="true" duration-ms="18484" started-at="2017-10-30T20:42:56Z" finished-at="2017-10-30T20:43:15Z">
          <reporter-output>
          </reporter-output>
        </test-method> <!-- setUp -->
        <test-method status="PASS" signature="testBMICalculator(java.lang.String, java.lang.String, java.lang.String, java.lang.String)[pri:0, instance:www.ozzie.selenium.TestNGDDT@dfd3711]" name="testBMICalculator" duration-ms="559" started-at="2017-10-30T20:43:15Z" data-provider="testData" finished-at="2017-10-30T20:43:15Z">
          <params>
            <param index="0">
              <value>
                <![CDATA[160]]>
              </value>
            </param>
            <param index="1">
              <value>
                <![CDATA[45]]>
              </value>
            </param>
            <param index="2">
              <value>
                <![CDATA[17.6]]>
              </value>
            </param>
            <param index="3">
              <value>
                <![CDATA[Underweight]]>
              </value>
            </param>
          </params>
          <reporter-output>
          </reporter-output>
        </test-method> <!-- testBMICalculator -->
        <test-method status="PASS" signature="testBMICalculator(java.lang.String, java.lang.String, java.lang.String, java.lang.String)[pri:0, instance:www.ozzie.selenium.TestNGDDT@dfd3711]" name="testBMICalculator" duration-ms="184" started-at="2017-10-30T20:43:15Z" data-provider="testData" finished-at="2017-10-30T20:43:15Z">
          <params>
            <param index="0">
              <value>
                <![CDATA[168]]>
              </value>
            </param>
            <param index="1">
              <value>
                <![CDATA[70]]>
              </value>
            </param>
            <param index="2">
              <value>
                <![CDATA[24.8]]>
              </value>
            </param>
            <param index="3">
              <value>
                <![CDATA[Normal]]>
              </value>
            </param>
          </params>
          <reporter-output>
          </reporter-output>
        </test-method> <!-- testBMICalculator -->
        <test-method status="PASS" signature="testBMICalculator(java.lang.String, java.lang.String, java.lang.String, java.lang.String)[pri:0, instance:www.ozzie.selenium.TestNGDDT@dfd3711]" name="testBMICalculator" duration-ms="190" started-at="2017-10-30T20:43:15Z" data-provider="testData" finished-at="2017-10-30T20:43:16Z">
          <params>
            <param index="0">
              <value>
                <![CDATA[181]]>
              </value>
            </param>
            <param index="1">
              <value>
                <![CDATA[89]]>
              </value>
            </param>
            <param index="2">
              <value>
                <![CDATA[27.2]]>
              </value>
            </param>
            <param index="3">
              <value>
                <![CDATA[Overweight]]>
              </value>
            </param>
          </params>
          <reporter-output>
          </reporter-output>
        </test-method> <!-- testBMICalculator -->
        <test-method status="PASS" signature="testBMICalculator(java.lang.String, java.lang.String, java.lang.String, java.lang.String)[pri:0, instance:www.ozzie.selenium.TestNGDDT@dfd3711]" name="testBMICalculator" duration-ms="200" started-at="2017-10-30T20:43:16Z" data-provider="testData" finished-at="2017-10-30T20:43:16Z">
          <params>
            <param index="0">
              <value>
                <![CDATA[178]]>
              </value>
            </param>
            <param index="1">
              <value>
                <![CDATA[100]]>
              </value>
            </param>
            <param index="2">
              <value>
                <![CDATA[31.6]]>
              </value>
            </param>
            <param index="3">
              <value>
                <![CDATA[Obesity]]>
              </value>
            </param>
          </params>
          <reporter-output>
          </reporter-output>
        </test-method> <!-- testBMICalculator -->
        <test-method status="PASS" signature="teardown()[pri:0, instance:www.ozzie.selenium.TestNGDDT@dfd3711]" name="teardown" is-config="true" duration-ms="1737" started-at="2017-10-30T20:43:16Z" finished-at="2017-10-30T20:43:18Z">
          <reporter-output>
          </reporter-output>
        </test-method> <!-- teardown -->
      </class> <!-- www.ozzie.selenium.TestNGDDT -->
    </test> <!-- Default test -->
  </suite> <!-- Default suite -->
</testng-results>
